# JRE version: OpenJDK Runtime Environment (17.0.1+12) (build 17.0.1+12-39)
# Java VM: OpenJDK 64-Bit Server VM (17.0.1+12-39, mixed mode, sharing, tiered, compressed oops, compressed class ptrs, g1 gc, windows-amd64)
GC Precious Log:
 CPUs: 8 total, 8 available
 Memory: 7918M
 Large Page Support: Disabled
 NUMA Support: Disabled
 Compressed Oops: Enabled (32-bit)
 Heap Region Size: 1M
 Heap Min Capacity: 8M
 Heap Initial Capacity: 124M
 Heap Max Capacity: 1980M
 Pre-touch: Disabled
 Parallel Workers: 8
 Concurrent Workers: 2
 Concurrent Refinement Workers: 8
 Periodic GC: Disabled
Heap:
 garbage-first heap   total 143360K, used 84419K [0x0000000084400000, 0x0000000100000000)
  region size 1024K, 19 young (19456K), 2 survivors (2048K)
 Metaspace       used 48280K, committed 48960K, reserved 1097728K
  class space    used 5382K, committed 5696K, reserved 1048576K
GC Heap History (20 events):
Event: 3494.535 GC heap before
{Heap before GC invocations=101 (full 0):
 garbage-first heap   total 143360K, used 114498K [0x0000000084400000, 0x0000000100000000)
  region size 1024K, 53 young (54272K), 3 survivors (3072K)
 Metaspace       used 48193K, committed 48896K, reserved 1097728K
  class space    used 5382K, committed 5696K, reserved 1048576K
}
Event: 3494.536 GC heap after
{Heap after GC invocations=102 (full 0):
 garbage-first heap   total 143360K, used 64070K [0x0000000084400000, 0x0000000100000000)
  region size 1024K, 3 young (3072K), 3 survivors (3072K)
 Metaspace       used 48193K, committed 48896K, reserved 1097728K
  class space    used 5382K, committed 5696K, reserved 1048576K
}
Event: 3517.556 GC heap before
{Heap before GC invocations=102 (full 0):
 garbage-first heap   total 143360K, used 116294K [0x0000000084400000, 0x0000000100000000)
  region size 1024K, 55 young (56320K), 3 survivors (3072K)
 Metaspace       used 48193K, committed 48896K, reserved 1097728K
  class space    used 5382K, committed 5696K, reserved 1048576K
}
Event: 3517.557 GC heap after
{Heap after GC invocations=103 (full 0):
 garbage-first heap   total 143360K, used 63968K [0x0000000084400000, 0x0000000100000000)
  region size 1024K, 2 young (2048K), 2 survivors (2048K)
 Metaspace       used 48193K, committed 48896K, reserved 1097728K
  class space    used 5382K, committed 5696K, reserved 1048576K
}
Event: 3528.595 GC heap before
{Heap before GC invocations=103 (full 0):
 garbage-first heap   total 143360K, used 119264K [0x0000000084400000, 0x0000000100000000)
  region size 1024K, 57 young (58368K), 2 survivors (2048K)
 Metaspace       used 48195K, committed 48896K, reserved 1097728K
  class space    used 5382K, committed 5696K, reserved 1048576K
}
Event: 3528.596 GC heap after
{Heap after GC invocations=104 (full 0):
 garbage-first heap   total 143360K, used 64119K [0x0000000084400000, 0x0000000100000000)
  region size 1024K, 3 young (3072K), 3 survivors (3072K)
 Metaspace       used 48195K, committed 48896K, reserved 1097728K
  class space    used 5382K, committed 5696K, reserved 1048576K
}
Event: 3606.188 GC heap before
{Heap before GC invocations=104 (full 0):
 garbage-first heap   total 143360K, used 119415K [0x0000000084400000, 0x0000000100000000)
  region size 1024K, 58 young (59392K), 3 survivors (3072K)
 Metaspace       used 48205K, committed 48960K, reserved 1097728K
  class space    used 5382K, committed 5696K, reserved 1048576K
}
Event: 3606.190 GC heap after
{Heap after GC invocations=105 (full 0):
 garbage-first heap   total 143360K, used 64185K [0x0000000084400000, 0x0000000100000000)
  region size 1024K, 3 young (3072K), 3 survivors (3072K)
 Metaspace       used 48205K, committed 48960K, reserved 1097728K
  class space    used 5382K, committed 5696K, reserved 1048576K
}
Event: 3750.851 GC heap before
{Heap before GC invocations=105 (full 0):
 garbage-first heap   total 143360K, used 120505K [0x0000000084400000, 0x0000000100000000)
  region size 1024K, 59 young (60416K), 3 survivors (3072K)
 Metaspace       used 48217K, committed 48960K, reserved 1097728K
  class space    used 5382K, committed 5696K, reserved 1048576K
}
Event: 3750.853 GC heap after
{Heap after GC invocations=106 (full 0):
 garbage-first heap   total 143360K, used 64946K [0x0000000084400000, 0x0000000100000000)
  region size 1024K, 3 young (3072K), 3 survivors (3072K)
 Metaspace       used 48217K, committed 48960K, reserved 1097728K
  class space    used 5382K, committed 5696K, reserved 1048576K
}
Event: 3760.089 GC heap before
{Heap before GC invocations=106 (full 0):
 garbage-first heap   total 143360K, used 122290K [0x0000000084400000, 0x0000000100000000)
  region size 1024K, 60 young (61440K), 3 survivors (3072K)
 Metaspace       used 48218K, committed 48960K, reserved 1097728K
  class space    used 5382K, committed 5696K, reserved 1048576K
}
Event: 3760.090 GC heap after
{Heap after GC invocations=107 (full 0):
 garbage-first heap   total 143360K, used 64125K [0x0000000084400000, 0x0000000100000000)
  region size 1024K, 3 young (3072K), 3 survivors (3072K)
 Metaspace       used 48218K, committed 48960K, reserved 1097728K
  class space    used 5382K, committed 5696K, reserved 1048576K
}
Event: 3765.587 GC heap before
{Heap before GC invocations=107 (full 0):
 garbage-first heap   total 143360K, used 84605K [0x0000000084400000, 0x0000000100000000)
  region size 1024K, 24 young (24576K), 3 survivors (3072K)
 Metaspace       used 48253K, committed 48960K, reserved 1097728K
  class space    used 5382K, committed 5696K, reserved 1048576K
}
Event: 3765.592 GC heap after
{Heap after GC invocations=108 (full 0):
 garbage-first heap   total 143360K, used 65232K [0x0000000084400000, 0x0000000100000000)
  region size 1024K, 3 young (3072K), 3 survivors (3072K)
 Metaspace       used 48253K, committed 48960K, reserved 1097728K
  class space    used 5382K, committed 5696K, reserved 1048576K
}
Event: 3765.615 GC heap before
{Heap before GC invocations=108 (full 0):
 garbage-first heap   total 143360K, used 68304K [0x0000000084400000, 0x0000000100000000)
  region size 1024K, 5 young (5120K), 3 survivors (3072K)
 Metaspace       used 48276K, committed 48960K, reserved 1097728K
  class space    used 5382K, committed 5696K, reserved 1048576K
}
Event: 3765.619 GC heap after
{Heap after GC invocations=109 (full 0):
 garbage-first heap   total 143360K, used 66421K [0x0000000084400000, 0x0000000100000000)
  region size 1024K, 3 young (3072K), 3 survivors (3072K)
 Metaspace       used 48276K, committed 48960K, reserved 1097728K
  class space    used 5382K, committed 5696K, reserved 1048576K
}
Event: 3765.978 GC heap before
{Heap before GC invocations=109 (full 0):
 garbage-first heap   total 143360K, used 68469K [0x0000000084400000, 0x0000000100000000)
  region size 1024K, 4 young (4096K), 3 survivors (3072K)
 Metaspace       used 48276K, committed 48960K, reserved 1097728K
  class space    used 5382K, committed 5696K, reserved 1048576K
}
Event: 3765.981 GC heap after
{Heap after GC invocations=110 (full 0):
 garbage-first heap   total 143360K, used 64006K [0x0000000084400000, 0x0000000100000000)
  region size 1024K, 2 young (2048K), 2 survivors (2048K)
 Metaspace       used 48276K, committed 48960K, reserved 1097728K
  class space    used 5382K, committed 5696K, reserved 1048576K
}
Event: 3765.982 GC heap before
{Heap before GC invocations=110 (full 0):
 garbage-first heap   total 143360K, used 66054K [0x0000000084400000, 0x0000000100000000)
  region size 1024K, 3 young (3072K), 2 survivors (2048K)
 Metaspace       used 48276K, committed 48960K, reserved 1097728K
  class space    used 5382K, committed 5696K, reserved 1048576K
}
Event: 3765.985 GC heap after
{Heap after GC invocations=111 (full 0):
 garbage-first heap   total 143360K, used 65987K [0x0000000084400000, 0x0000000100000000)
  region size 1024K, 2 young (2048K), 2 survivors (2048K)
 Metaspace       used 48276K, committed 48960K, reserved 1097728K
  class space    used 5382K, committed 5696K, reserved 1048576K
}

